Compiling the CUDA compiler identification source file "CMakeCUDACompilerId.cu" failed.
Compiler: C:/Program Files/NVIDIA GPU Computing Toolkit/CUDA/v11.7/bin/nvcc.exe 
Build flags: 
Id flags: --keep;--keep-dir;tmp -v

The output was:
1
nvcc fatal   : Cannot find compiler 'cl.exe' in PATH


Compiling the CUDA compiler identification source file "CMakeCUDACompilerId.cu" failed.
Compiler: C:/Program Files/NVIDIA GPU Computing Toolkit/CUDA/v11.7/bin/nvcc.exe 
Build flags: 
Id flags:  -v

The output was:
1
nvcc fatal   : Cannot find compiler 'cl.exe' in PATH


Compiling the CUDA compiler identification source file "CMakeCUDACompilerId.cu" failed.
Compiler: C:/Program Files/NVIDIA GPU Computing Toolkit/CUDA/v11.7/bin/nvcc.exe 
Build flags: 
Id flags: --keep;--keep-dir;tmp -v

The output was:
1
nvcc fatal   : Cannot find compiler 'cl.exe' in PATH


Compiling the CUDA compiler identification source file "CMakeCUDACompilerId.cu" failed.
Compiler: C:/Program Files/NVIDIA GPU Computing Toolkit/CUDA/v11.7/bin/nvcc.exe 
Build flags: 
Id flags:  -v

The output was:
1
nvcc fatal   : Cannot find compiler 'cl.exe' in PATH


Checking whether the CUDA compiler is NVIDIA using "" did not match "nvcc: NVIDIA \(R\) Cuda compiler driver":
nvcc fatal   : No input files specified; use option --help for more information
Checking whether the CUDA compiler is Clang using "" did not match "(clang version)":
nvcc fatal   : No input files specified; use option --help for more information
Checking whether the CUDA compiler is NVIDIA using "" did not match "nvcc: NVIDIA \(R\) Cuda compiler driver":
nvcc fatal   : No input files specified; use option --help for more information
Checking whether the CUDA compiler is Clang using "" did not match "(clang version)":
nvcc fatal   : No input files specified; use option --help for more information
