The system is: Windows - 10.0.19044 - AMD64
Checking whether the CUDA compiler is NVIDIA using "" matched "nvcc: NVIDIA \(R\) Cuda compiler driver":
nvcc: NVIDIA (R) Cuda compiler driver
Copyright (c) 2005-2022 NVIDIA Corporation
Built on Tue_May__3_19:00:59_Pacific_Daylight_Time_2022
Cuda compilation tools, release 11.7, V11.7.64
Build cuda_11.7.r11.7/compiler.31294372_0
Compiling the CUDA compiler identification source file "CMakeCUDACompilerId.cu" succeeded.
Compiler: C:/Program Files/NVIDIA GPU Computing Toolkit/CUDA/v11.7/bin/nvcc.exe 
Build flags: 
Id flags: --keep;--keep-dir;tmp -v

The output was:
0

C:\Users\zsr\CLionProjects\cudanewts\cmake-build-debug-visual-studio\CMakeFiles\3.20.2\CompilerIdCUDA>call "E:/vs2019/VC/Tools/MSVC/14.29.30133/bin/HostX64/x64/../../../../../../../VC/Auxiliary/Build/vcvars64.bat" 
**********************************************************************
** Visual Studio 2019 Developer Command Prompt v16.11.15
** Copyright (c) 2021 Microsoft Corporation
**********************************************************************
[vcvarsall.bat] Environment initialized for: 'x64'
#$ E:/vs2019/VC/Tools/MSVC/14.29.30133/bin/HostX64/x64/../../../../../../../VC/Auxiliary/Build/vcvars64.bat
#$ ADVISOR_2022_DIR=D:\Vtune Profiler\advisor\2022.0.0
#$ ALLUSERSPROFILE=C:\ProgramData
#$ APPDATA=C:\Users\zsr\AppData\Roaming
#$ CLASSPATH=.;C:\Program Files\Java\jdk1.7.0_80\lib\dt.jar;C:\Program Files\Java\jdk1.7.0_80\lib\tools.jar;“D:\java file store”;
#$ CLION_IDE=TRUE
#$ CommandPromptType=Native
#$ CommonProgramFiles=C:\Program Files\Common Files
#$ CommonProgramFiles(x86)=C:\Program Files (x86)\Common Files
#$ CommonProgramW6432=C:\Program Files\Common Files
#$ COMPUTERNAME=LAPTOP-HMV1HM2C
#$ ComSpec=C:\Windows\system32\cmd.exe
#$ CUDA_BIN_PATH=C:\Program Files\NVIDIA GPU Computing Toolkit\CUDA\v11.7\bin
#$ CUDA_LIB_PATH=C:\Program Files\NVIDIA GPU Computing Toolkit\CUDA\v11.7\lib\x64
#$ CUDA_PATH=C:\Program Files\NVIDIA GPU Computing Toolkit\CUDA\v11.7
#$ CUDA_PATH_V11_7=C:\Program Files\NVIDIA GPU Computing Toolkit\CUDA\v11.7
#$ DevEnvDir=E:\vs2019\Common7\IDE\
#$ DriverData=C:\Windows\System32\Drivers\DriverData
#$ ExtensionSdkDir=C:\Program Files (x86)\Microsoft SDKs\Windows Kits\10\ExtensionSDKs
#$ Framework40Version=v4.0
#$ FrameworkDir=C:\Windows\Microsoft.NET\Framework64\
#$ FrameworkDIR64=C:\Windows\Microsoft.NET\Framework64
#$ FrameworkVersion=v4.0.30319
#$ FrameworkVersion64=v4.0.30319
#$ HOMEDRIVE=C:
#$ HOMEPATH=\Users\zsr
#$ IDEA_INITIAL_DIRECTORY=D:\somethin\newClion\CLion 2021.2.3\bin
#$ INCLUDE=E:\vs2019\VC\Tools\MSVC\14.29.30133\ATLMFC\include;E:\vs2019\VC\Tools\MSVC\14.29.30133\include;C:\Program Files (x86)\Windows Kits\NETFXSDK\4.6.1\include\um;C:\Program Files (x86)\Windows Kits\10\include\10.0.19041.0\ucrt;C:\Program Files (x86)\Windows Kits\10\include\10.0.19041.0\shared;C:\Program Files (x86)\Windows Kits\10\include\10.0.19041.0\um;C:\Program Files (x86)\Windows Kits\10\include\10.0.19041.0\winrt;C:\Program Files (x86)\Windows Kits\10\include\10.0.19041.0\cppwinrt;E:\vs2019\VC\Tools\MSVC\14.29.30133\ATLMFC\include;E:\vs2019\VC\Tools\MSVC\14.29.30133\include;C:\Program Files (x86)\Windows Kits\NETFXSDK\4.6.1\include\um;C:\Program Files (x86)\Windows Kits\10\include\10.0.19041.0\ucrt;C:\Program Files (x86)\Windows Kits\10\include\10.0.19041.0\shared;C:\Program Files (x86)\Windows Kits\10\include\10.0.19041.0\um;C:\Program Files (x86)\Windows Kits\10\include\10.0.19041.0\winrt;C:\Program Files (x86)\Windows Kits\10\include\10.0.19041.0\cppwinrt
#$ IntelliJ IDEA Community Edition=D:\IntelliJ IDEA Community Edition 2022.1.1\bin;
#$ IntelliJ IDEA Educational Edition=D:\IntelliJ IDEA Educational Edition 2022.1\bin;
#$ JAVA_HOME=C:\Program Files\Java\jdk1.7.0_80
#$ JETBRAINS_IDE=TRUE
#$ LIB=E:\vs2019\VC\Tools\MSVC\14.29.30133\ATLMFC\lib\x64;E:\vs2019\VC\Tools\MSVC\14.29.30133\lib\x64;C:\Program Files (x86)\Windows Kits\NETFXSDK\4.6.1\lib\um\x64;C:\Program Files (x86)\Windows Kits\10\lib\10.0.19041.0\ucrt\x64;C:\Program Files (x86)\Windows Kits\10\lib\10.0.19041.0\um\x64;E:\vs2019\VC\Tools\MSVC\14.29.30133\ATLMFC\lib\x64;E:\vs2019\VC\Tools\MSVC\14.29.30133\lib\x64;C:\Program Files (x86)\Windows Kits\NETFXSDK\4.6.1\lib\um\x64;C:\Program Files (x86)\Windows Kits\10\lib\10.0.19041.0\ucrt\x64;C:\Program Files (x86)\Windows Kits\10\lib\10.0.19041.0\um\x64
#$ LIBPATH=E:\vs2019\VC\Tools\MSVC\14.29.30133\ATLMFC\lib\x64;E:\vs2019\VC\Tools\MSVC\14.29.30133\lib\x64;E:\vs2019\VC\Tools\MSVC\14.29.30133\lib\x86\store\references;C:\Program Files (x86)\Windows Kits\10\UnionMetadata\10.0.19041.0;C:\Program Files (x86)\Windows Kits\10\References\10.0.19041.0;C:\Windows\Microsoft.NET\Framework64\v4.0.30319;E:\vs2019\VC\Tools\MSVC\14.29.30133\ATLMFC\lib\x64;E:\vs2019\VC\Tools\MSVC\14.29.30133\lib\x64;E:\vs2019\VC\Tools\MSVC\14.29.30133\lib\x86\store\references;C:\Program Files (x86)\Windows Kits\10\UnionMetadata\10.0.19041.0;C:\Program Files (x86)\Windows Kits\10\References\10.0.19041.0;C:\Windows\Microsoft.NET\Framework64\v4.0.30319
#$ LOCALAPPDATA=C:\Users\zsr\AppData\Local
#$ LOGONSERVER=\\LAPTOP-HMV1HM2C
#$ MSMPI_BENCHMARKS=C:\Program Files\Microsoft MPI\Benchmarks\
#$ MSMPI_BIN=C:\Program Files\Microsoft MPI\Bin\
#$ MSMPI_INC=C:\Program Files (x86)\Microsoft SDKs\MPI\Include\
#$ MSMPI_LIB32=C:\Program Files (x86)\Microsoft SDKs\MPI\Lib\x86\
#$ MSMPI_LIB64=C:\Program Files (x86)\Microsoft SDKs\MPI\Lib\x64\
#$ NETFXSDKDir=C:\Program Files (x86)\Windows Kits\NETFXSDK\4.6.1\
#$ NUMBER_OF_PROCESSORS=16
#$ NVTOOLSEXT_PATH=C:\Program Files\NVIDIA Corporation\NvToolsExt\
#$ ONEAPI_ROOT=D:\Vtune Profiler\
#$ OneDrive=C:\Users\zsr\OneDrive
#$ OS=Windows_NT
#$ Path=E:\vs2019\Common7\IDE\\Extensions\Microsoft\IntelliCode\CLI;E:\vs2019\VC\Tools\MSVC\14.29.30133\bin\HostX64\x64;E:\vs2019\Common7\IDE\VC\VCPackages;E:\vs2019\Common7\IDE\CommonExtensions\Microsoft\TestWindow;E:\vs2019\Common7\IDE\CommonExtensions\Microsoft\TeamFoundation\Team Explorer;E:\vs2019\MSBuild\Current\bin\Roslyn;E:\vs2019\Team Tools\Performance Tools\x64;E:\vs2019\Team Tools\Performance Tools;C:\Program Files (x86)\Microsoft SDKs\Windows\v10.0A\bin\NETFX 4.6.1 Tools\x64\;E:\vs2019\Common7\Tools\devinit;C:\Program Files (x86)\Windows Kits\10\bin\10.0.19041.0\x64;C:\Program Files (x86)\Windows Kits\10\bin\x64;E:\vs2019\\MSBuild\Current\Bin;C:\Windows\Microsoft.NET\Framework64\v4.0.30319;E:\vs2019\Common7\IDE\;E:\vs2019\Common7\Tools\;E:\vs2019\Common7\IDE\\Extensions\Microsoft\IntelliCode\CLI;E:\vs2019\VC\Tools\MSVC\14.29.30133\bin\HostX64\x64;E:\vs2019\Common7\IDE\VC\VCPackages;E:\vs2019\Common7\IDE\CommonExtensions\Microsoft\TestWindow;E:\vs2019\Common7\IDE\CommonExtensions\Microsoft\TeamFoundation\Team Explorer;E:\vs2019\MSBuild\Current\bin\Roslyn;E:\vs2019\Team Tools\Performance Tools\x64;E:\vs2019\Team Tools\Performance Tools;C:\Program Files (x86)\Microsoft SDKs\Windows\v10.0A\bin\NETFX 4.6.1 Tools\x64\;E:\vs2019\Common7\Tools\devinit;C:\Program Files (x86)\Windows Kits\10\bin\10.0.19041.0\x64;C:\Program Files (x86)\Windows Kits\10\bin\x64;E:\vs2019\\MSBuild\Current\Bin;C:\Windows\Microsoft.NET\Framework64\v4.0.30319;E:\vs2019\Common7\IDE\;E:\vs2019\Common7\Tools\;C:\Program Files\NVIDIA GPU Computing Toolkit\CUDA\v11.7\bin;C:\Program Files\NVIDIA GPU Computing Toolkit\CUDA\v11.7\libnvvp;C:\Program Files\Microsoft MPI\Bin\;C:\Program Files (x86)\Common Files\Oracle\Java\javapath;E:\Vm16\bin\;D:\Vtune Profiler\tbb\latest\redist\intel64\vc_mt\;D:\Vtune Profiler\tbb\latest\redist\ia32\vc_mt\;D:\Vtune Profiler\compiler\latest\windows\redist\intel64_win\compiler;D:\Vtune Profiler\compiler\latest\windows\redist\ia32_win\compiler;C:\Windows\system32;C:\Windows;C:\Windows\System32\Wbem;C:\Windows\System32\WindowsPowerShell\v1.0\;C:\Windows\System32\OpenSSH\;C:\Program Files (x86)\NVIDIA Corporation\PhysX\Common;C:\Program Files\NVIDIA Corporation\NVIDIA NvDLISR;C:\Users\zsr\.dnx\bin;C:\Program Files\Microsoft DNX\Dnvm\;D:\matlab\mattalb\runtime\win64;D:\matlab\mattalb\bin;D:\matlab\mattalb\polyspace\bin;C:\Program Files\Java\jdk1.7.0_80\bin\;C:\Program Files\Java\jdk1.7.0_80\jre\bin\;C:\TDM-GCC-64\bin;C:\Program Files\NVIDIA Corporation\Nsight Compute 2022.1.0\;C:\Program Files\Git\cmd;C:\Users\zsr\AppData\Local\Programs\Python\Python37\Scripts\;C:\Users\zsr\AppData\Local\Programs\Python\Python37\;C:\Users\zsr\AppData\Local\Programs\Python\Python39\Scripts\;C:\Users\zsr\AppData\Local\Programs\Python\Python39\;C:\Users\zsr\AppData\Local\Microsoft\WindowsApps;C:\Users\zsr\AppData\Local\Enthought\Canopy\User;C:\Users\zsr\AppData\Local\Enthought\Canopy\User\Scripts;D:\Microsoft VS Code\bin;D:\杂物\新建文件夹\modelsim_ase\win32aloem;D:\杂物\mingw64\bin;D:\IntelliJ IDEA Educational Edition 2022.1\bin;;D:\IntelliJ IDEA Community Edition 2022.1.1\bin;;C:\Program Files\NVIDIA GPU Computing Toolkit\CUDA\v11.7\bin;C:\Program Files\NVIDIA GPU Computing Toolkit\CUDA\v11.7\libnvvp;C:\Program Files\NVIDIA GPU Computing Toolkit\CUDA\v11.7\include;C:\Program Files\NVIDIA GPU Computing Toolkit\CUDA\v11.7\lib;;E:\vs2019\Common7\IDE\CommonExtensions\Microsoft\CMake\CMake\bin;E:\vs2019\Common7\IDE\CommonExtensions\Microsoft\CMake\Ninja;C:\Program Files\NVIDIA GPU Computing Toolkit\CUDA\v11.7\bin;C:\Program Files\NVIDIA GPU Computing Toolkit\CUDA\v11.7\libnvvp;C:\Program Files\Microsoft MPI\Bin\;C:\Program Files (x86)\Common Files\Oracle\Java\javapath;E:\Vm16\bin\;D:\Vtune Profiler\tbb\latest\redist\intel64\vc_mt\;D:\Vtune Profiler\tbb\latest\redist\ia32\vc_mt\;D:\Vtune Profiler\compiler\latest\windows\redist\intel64_win\compiler;D:\Vtune Profiler\compiler\latest\windows\redist\ia32_win\compiler;C:\Windows\system32;C:\Windows;C:\Windows\System32\Wbem;C:\Windows\System32\WindowsPowerShell\v1.0\;C:\Windows\System32\OpenSSH\;C:\Program Files (x86)\NVIDIA Corporation\PhysX\Common;C:\Program Files\NVIDIA Corporation\NVIDIA NvDLISR;C:\Users\zsr\.dnx\bin;C:\Program Files\Microsoft DNX\Dnvm\;D:\matlab\mattalb\runtime\win64;D:\matlab\mattalb\bin;D:\matlab\mattalb\polyspace\bin;C:\Program Files\Java\jdk1.7.0_80\bin\;C:\Program Files\Java\jdk1.7.0_80\jre\bin\;C:\TDM-GCC-64\bin;C:\Program Files\NVIDIA Corporation\Nsight Compute 2022.1.0\;C:\Program Files\Git\cmd;C:\Users\zsr\AppData\Local\Programs\Python\Python37\Scripts\;C:\Users\zsr\AppData\Local\Programs\Python\Python37\;C:\Users\zsr\AppData\Local\Programs\Python\Python39\Scripts\;C:\Users\zsr\AppData\Local\Programs\Python\Python39\;C:\Users\zsr\AppData\Local\Microsoft\WindowsApps;C:\Users\zsr\AppData\Local\Enthought\Canopy\User;C:\Users\zsr\AppData\Local\Enthought\Canopy\User\Scripts;D:\Microsoft VS Code\bin;D:\杂物\新建文件夹\modelsim_ase\win32aloem;D:\杂物\mingw64\bin;D:\IntelliJ IDEA Educational Edition 2022.1\bin;;D:\IntelliJ IDEA Community Edition 2022.1.1\bin;;C:\Program Files\NVIDIA GPU Computing Toolkit\CUDA\v11.7\bin;C:\Program Files\NVIDIA GPU Computing Toolkit\CUDA\v11.7\libnvvp;C:\Program Files\NVIDIA GPU Computing Toolkit\CUDA\v11.7\include;C:\Program Files\NVIDIA GPU Computing Toolkit\CUDA\v11.7\lib;;E:\vs2019\Common7\IDE\CommonExtensions\Microsoft\CMake\CMake\bin;E:\vs2019\Common7\IDE\CommonExtensions\Microsoft\CMake\Ninja
#$ PATHEXT=.COM;.EXE;.BAT;.CMD;.VBS;.VBE;.JS;.JSE;.WSF;.WSH;.MSC
#$ Platform=x64
#$ PROCESSOR_ARCHITECTURE=AMD64
#$ PROCESSOR_IDENTIFIER=Intel64 Family 6 Model 165 Stepping 2, GenuineIntel
#$ PROCESSOR_LEVEL=6
#$ PROCESSOR_REVISION=a502
#$ ProgramData=C:\ProgramData
#$ ProgramFiles=C:\Program Files
#$ ProgramFiles(x86)=C:\Program Files (x86)
#$ ProgramW6432=C:\Program Files
#$ PROMPT=$P$G
#$ PSModulePath=C:\Program Files\WindowsPowerShell\Modules;C:\Windows\system32\WindowsPowerShell\v1.0\Modules
#$ PUBLIC=C:\Users\Public
#$ QUARTUS_ROOTDIR=D:\quartus2\quartus
#$ SESSIONNAME=Console
#$ SOPC_KIT_NIOS2=D:\quartus2\nios2eds
#$ SystemDrive=C:
#$ SystemRoot=C:\Windows
#$ UCRTVersion=10.0.19041.0
#$ UniversalCRTSdkDir=C:\Program Files (x86)\Windows Kits\10\
#$ USERDOMAIN=LAPTOP-HMV1HM2C
#$ USERDOMAIN_ROAMINGPROFILE=LAPTOP-HMV1HM2C
#$ USERNAME=zsr
#$ USERPROFILE=C:\Users\zsr
#$ VCIDEInstallDir=E:\vs2019\Common7\IDE\VC\
#$ VCINSTALLDIR=E:\vs2019\VC\
#$ VCToolsInstallDir=E:\vs2019\VC\Tools\MSVC\14.29.30133\
#$ VCToolsRedistDir=E:\vs2019\VC\Redist\MSVC\14.29.30133\
#$ VCToolsVersion=14.29.30133
#$ VisualStudioVersion=16.0
#$ VS100COMNTOOLS=D:\vs2010\Common7\Tools\
#$ VS140COMNTOOLS=D:\vs2015\Common7\Tools\
#$ VS160COMNTOOLS=E:\vs2019\Common7\Tools\
#$ VS2019INSTALLDIR=D:\vs20191991
#$ VSCMD_ARG_app_plat=Desktop
#$ VSCMD_ARG_HOST_ARCH=x64
#$ VSCMD_ARG_TGT_ARCH=x64
#$ VSCMD_DEBUG=
#$ VSCMD_SKIP_SENDTELEMETRY=1
#$ VSCMD_VER=16.11.15
#$ vsconsoleoutput=1
#$ VSINSTALLDIR=E:\vs2019\
#$ VTUNE_PROFILER_2022_DIR=D:\Vtune Profiler\vtune\2022.0.0
#$ windir=C:\Windows
#$ WindowsLibPath=C:\Program Files (x86)\Windows Kits\10\UnionMetadata\10.0.19041.0;C:\Program Files (x86)\Windows Kits\10\References\10.0.19041.0
#$ WindowsSdkBinPath=C:\Program Files (x86)\Windows Kits\10\bin\
#$ WindowsSdkDir=C:\Program Files (x86)\Windows Kits\10\
#$ WindowsSDKLibVersion=10.0.19041.0\
#$ WindowsSdkVerBinPath=C:\Program Files (x86)\Windows Kits\10\bin\10.0.19041.0\
#$ WindowsSDKVersion=10.0.19041.0\
#$ WindowsSDK_ExecutablePath_x64=C:\Program Files (x86)\Microsoft SDKs\Windows\v10.0A\bin\NETFX 4.6.1 Tools\x64\
#$ WindowsSDK_ExecutablePath_x86=C:\Program Files (x86)\Microsoft SDKs\Windows\v10.0A\bin\NETFX 4.6.1 Tools\
#$ ZES_ENABLE_SYSMAN=1
#$ __devinit_path=E:\vs2019\Common7\Tools\devinit\devinit.exe
#$ __DOTNET_ADD_64BIT=1
#$ __DOTNET_PREFERRED_BITNESS=64
#$ __VSCMD_PREINIT_PATH=C:\Program Files\NVIDIA GPU Computing Toolkit\CUDA\v11.7\bin;C:\Program Files\NVIDIA GPU Computing Toolkit\CUDA\v11.7\libnvvp;C:\Program Files\Microsoft MPI\Bin\;C:\Program Files (x86)\Common Files\Oracle\Java\javapath;E:\Vm16\bin\;D:\Vtune Profiler\tbb\latest\redist\intel64\vc_mt\;D:\Vtune Profiler\tbb\latest\redist\ia32\vc_mt\;D:\Vtune Profiler\compiler\latest\windows\redist\intel64_win\compiler;D:\Vtune Profiler\compiler\latest\windows\redist\ia32_win\compiler;C:\Windows\system32;C:\Windows;C:\Windows\System32\Wbem;C:\Windows\System32\WindowsPowerShell\v1.0\;C:\Windows\System32\OpenSSH\;C:\Program Files (x86)\NVIDIA Corporation\PhysX\Common;C:\Program Files\NVIDIA Corporation\NVIDIA NvDLISR;C:\Users\zsr\.dnx\bin;C:\Program Files\Microsoft DNX\Dnvm\;D:\matlab\mattalb\runtime\win64;D:\matlab\mattalb\bin;D:\matlab\mattalb\polyspace\bin;C:\Program Files\Java\jdk1.7.0_80\bin\;C:\Program Files\Java\jdk1.7.0_80\jre\bin\;C:\TDM-GCC-64\bin;C:\Program Files\NVIDIA Corporation\Nsight Compute 2022.1.0\;C:\Program Files\Git\cmd;C:\Users\zsr\AppData\Local\Programs\Python\Python37\Scripts\;C:\Users\zsr\AppData\Local\Programs\Python\Python37\;C:\Users\zsr\AppData\Local\Programs\Python\Python39\Scripts\;C:\Users\zsr\AppData\Local\Programs\Python\Python39\;C:\Users\zsr\AppData\Local\Microsoft\WindowsApps;C:\Users\zsr\AppData\Local\Enthought\Canopy\User;C:\Users\zsr\AppData\Local\Enthought\Canopy\User\Scripts;D:\Microsoft VS Code\bin;D:\杂物\新建文件夹\modelsim_ase\win32aloem;D:\杂物\mingw64\bin;D:\IntelliJ IDEA Educational Edition 2022.1\bin;;D:\IntelliJ IDEA Community Edition 2022.1.1\bin;;C:\Program Files\NVIDIA GPU Computing Toolkit\CUDA\v11.7\bin;C:\Program Files\NVIDIA GPU Computing Toolkit\CUDA\v11.7\libnvvp;C:\Program Files\NVIDIA GPU Computing Toolkit\CUDA\v11.7\include;C:\Program Files\NVIDIA GPU Computing Toolkit\CUDA\v11.7\lib;
#$ __VSCMD_PREINIT_VCToolsVersion=14.29.30133
#$ __VSCMD_PREINIT_VS160COMNTOOLS=E:\vs2019\Common7\Tools\
#$ __VSCMD_script_err_count=0
#$ PATH=E:\vs2019\VC\Tools\MSVC\14.29.30133\bin\HostX64\x64;E:\vs2019\Common7\IDE\\Extensions\Microsoft\IntelliCode\CLI;E:\vs2019\VC\Tools\MSVC\14.29.30133\bin\HostX64\x64;E:\vs2019\Common7\IDE\VC\VCPackages;E:\vs2019\Common7\IDE\CommonExtensions\Microsoft\TestWindow;E:\vs2019\Common7\IDE\CommonExtensions\Microsoft\TeamFoundation\Team Explorer;E:\vs2019\MSBuild\Current\bin\Roslyn;E:\vs2019\Team Tools\Performance Tools\x64;E:\vs2019\Team Tools\Performance Tools;C:\Program Files (x86)\Microsoft SDKs\Windows\v10.0A\bin\NETFX 4.6.1 Tools\x64\;E:\vs2019\Common7\Tools\devinit;C:\Program Files (x86)\Windows Kits\10\bin\10.0.19041.0\x64;C:\Program Files (x86)\Windows Kits\10\bin\x64;E:\vs2019\\MSBuild\Current\Bin;C:\Windows\Microsoft.NET\Framework64\v4.0.30319;E:\vs2019\Common7\IDE\;E:\vs2019\Common7\Tools\;E:\vs2019\Common7\IDE\\Extensions\Microsoft\IntelliCode\CLI;E:\vs2019\VC\Tools\MSVC\14.29.30133\bin\HostX64\x64;E:\vs2019\Common7\IDE\VC\VCPackages;E:\vs2019\Common7\IDE\CommonExtensions\Microsoft\TestWindow;E:\vs2019\Common7\IDE\CommonExtensions\Microsoft\TeamFoundation\Team Explorer;E:\vs2019\MSBuild\Current\bin\Roslyn;E:\vs2019\Team Tools\Performance Tools\x64;E:\vs2019\Team Tools\Performance Tools;C:\Program Files (x86)\Microsoft SDKs\Windows\v10.0A\bin\NETFX 4.6.1 Tools\x64\;E:\vs2019\Common7\Tools\devinit;C:\Program Files (x86)\Windows Kits\10\bin\10.0.19041.0\x64;C:\Program Files (x86)\Windows Kits\10\bin\x64;E:\vs2019\\MSBuild\Current\Bin;C:\Windows\Microsoft.NET\Framework64\v4.0.30319;E:\vs2019\Common7\IDE\;E:\vs2019\Common7\Tools\;C:\Program Files\NVIDIA GPU Computing Toolkit\CUDA\v11.7\bin;C:\Program Files\NVIDIA GPU Computing Toolkit\CUDA\v11.7\libnvvp;C:\Program Files\Microsoft MPI\Bin\;C:\Program Files (x86)\Common Files\Oracle\Java\javapath;E:\Vm16\bin\;D:\Vtune Profiler\tbb\latest\redist\intel64\vc_mt\;D:\Vtune Profiler\tbb\latest\redist\ia32\vc_mt\;D:\Vtune Profiler\compiler\latest\windows\redist\intel64_win\compiler;D:\Vtune Profiler\compiler\latest\windows\redist\ia32_win\compiler;C:\Windows\system32;C:\Windows;C:\Windows\System32\Wbem;C:\Windows\System32\WindowsPowerShell\v1.0\;C:\Windows\System32\OpenSSH\;C:\Program Files (x86)\NVIDIA Corporation\PhysX\Common;C:\Program Files\NVIDIA Corporation\NVIDIA NvDLISR;C:\Users\zsr\.dnx\bin;C:\Program Files\Microsoft DNX\Dnvm\;D:\matlab\mattalb\runtime\win64;D:\matlab\mattalb\bin;D:\matlab\mattalb\polyspace\bin;C:\Program Files\Java\jdk1.7.0_80\bin\;C:\Program Files\Java\jdk1.7.0_80\jre\bin\;C:\TDM-GCC-64\bin;C:\Program Files\NVIDIA Corporation\Nsight Compute 2022.1.0\;C:\Program Files\Git\cmd;C:\Users\zsr\AppData\Local\Programs\Python\Python37\Scripts\;C:\Users\zsr\AppData\Local\Programs\Python\Python37\;C:\Users\zsr\AppData\Local\Programs\Python\Python39\Scripts\;C:\Users\zsr\AppData\Local\Programs\Python\Python39\;C:\Users\zsr\AppData\Local\Microsoft\WindowsApps;C:\Users\zsr\AppData\Local\Enthought\Canopy\User;C:\Users\zsr\AppData\Local\Enthought\Canopy\User\Scripts;D:\Microsoft VS Code\bin;D:\杂物\新建文件夹\modelsim_ase\win32aloem;D:\杂物\mingw64\bin;D:\IntelliJ IDEA Educational Edition 2022.1\bin;;D:\IntelliJ IDEA Community Edition 2022.1.1\bin;;C:\Program Files\NVIDIA GPU Computing Toolkit\CUDA\v11.7\bin;C:\Program Files\NVIDIA GPU Computing Toolkit\CUDA\v11.7\libnvvp;C:\Program Files\NVIDIA GPU Computing Toolkit\CUDA\v11.7\include;C:\Program Files\NVIDIA GPU Computing Toolkit\CUDA\v11.7\lib;;E:\vs2019\Common7\IDE\CommonExtensions\Microsoft\CMake\CMake\bin;E:\vs2019\Common7\IDE\CommonExtensions\Microsoft\CMake\Ninja;C:\Program Files\NVIDIA GPU Computing Toolkit\CUDA\v11.7\bin;C:\Program Files\NVIDIA GPU Computing Toolkit\CUDA\v11.7\libnvvp;C:\Program Files\Microsoft MPI\Bin\;C:\Program Files (x86)\Common Files\Oracle\Java\javapath;E:\Vm16\bin\;D:\Vtune Profiler\tbb\latest\redist\intel64\vc_mt\;D:\Vtune Profiler\tbb\latest\redist\ia32\vc_mt\;D:\Vtune Profiler\compiler\latest\windows\redist\intel64_win\compiler;D:\Vtune Profiler\compiler\latest\windows\redist\ia32_win\compiler;C:\Windows\system32;C:\Windows;C:\Windows\System32\Wbem;C:\Windows\System32\WindowsPowerShell\v1.0\;C:\Windows\System32\OpenSSH\;C:\Program Files (x86)\NVIDIA Corporation\PhysX\Common;C:\Program Files\NVIDIA Corporation\NVIDIA NvDLISR;C:\Users\zsr\.dnx\bin;C:\Program Files\Microsoft DNX\Dnvm\;D:\matlab\mattalb\runtime\win64;D:\matlab\mattalb\bin;D:\matlab\mattalb\polyspace\bin;C:\Program Files\Java\jdk1.7.0_80\bin\;C:\Program Files\Java\jdk1.7.0_80\jre\bin\;C:\TDM-GCC-64\bin;C:\Program Files\NVIDIA Corporation\Nsight Compute 2022.1.0\;C:\Program Files\Git\cmd;C:\Users\zsr\AppData\Local\Programs\Python\Python37\Scripts\;C:\Users\zsr\AppData\Local\Programs\Python\Python37\;C:\Users\zsr\AppData\Local\Programs\Python\Python39\Scripts\;C:\Users\zsr\AppData\Local\Programs\Python\Python39\;C:\Users\zsr\AppData\Local\Microsoft\WindowsApps;C:\Users\zsr\AppData\Local\Enthought\Canopy\User;C:\Users\zsr\AppData\Local\Enthought\Canopy\User\Scripts;D:\Microsoft VS Code\bin;D:\杂物\新建文件夹\modelsim_ase\win32aloem;D:\杂物\mingw64\bin;D:\IntelliJ IDEA Educational Edition 2022.1\bin;;D:\IntelliJ IDEA Community Edition 2022.1.1\bin;;C:\Program Files\NVIDIA GPU Computing Toolkit\CUDA\v11.7\bin;C:\Program Files\NVIDIA GPU Computing Toolkit\CUDA\v11.7\libnvvp;C:\Program Files\NVIDIA GPU Computing Toolkit\CUDA\v11.7\include;C:\Program Files\NVIDIA GPU Computing Toolkit\CUDA\v11.7\lib;;E:\vs2019\Common7\IDE\CommonExtensions\Microsoft\CMake\CMake\bin;E:\vs2019\Common7\IDE\CommonExtensions\Microsoft\CMake\Ninja
#$ _NVVM_BRANCH_=nvvm
#$ _SPACE_= 
#$ _CUDART_=cudart
#$ _HERE_=C:/Program Files/NVIDIA GPU Computing Toolkit/CUDA/v11.7/bin
#$ _THERE_=C:/Program Files/NVIDIA GPU Computing Toolkit/CUDA/v11.7/bin
#$ _TARGET_SIZE_=
#$ _TARGET_DIR_=
#$ _TARGET_SIZE_=64
#$ _WIN_PLATFORM_=x64
#$ TOP=C:/Program Files/NVIDIA GPU Computing Toolkit/CUDA/v11.7/bin/..
#$ NVVMIR_LIBRARY_DIR=C:/Program Files/NVIDIA GPU Computing Toolkit/CUDA/v11.7/bin/../nvvm/libdevice
#$ PATH=C:/Program Files/NVIDIA GPU Computing Toolkit/CUDA/v11.7/bin/../nvvm/bin;C:/Program Files/NVIDIA GPU Computing Toolkit/CUDA/v11.7/bin;C:/Program Files/NVIDIA GPU Computing Toolkit/CUDA/v11.7/bin/../lib;E:\vs2019\VC\Tools\MSVC\14.29.30133\bin\HostX64\x64;E:\vs2019\Common7\IDE\\Extensions\Microsoft\IntelliCode\CLI;E:\vs2019\VC\Tools\MSVC\14.29.30133\bin\HostX64\x64;E:\vs2019\Common7\IDE\VC\VCPackages;E:\vs2019\Common7\IDE\CommonExtensions\Microsoft\TestWindow;E:\vs2019\Common7\IDE\CommonExtensions\Microsoft\TeamFoundation\Team Explorer;E:\vs2019\MSBuild\Current\bin\Roslyn;E:\vs2019\Team Tools\Performance Tools\x64;E:\vs2019\Team Tools\Performance Tools;C:\Program Files (x86)\Microsoft SDKs\Windows\v10.0A\bin\NETFX 4.6.1 Tools\x64\;E:\vs2019\Common7\Tools\devinit;C:\Program Files (x86)\Windows Kits\10\bin\10.0.19041.0\x64;C:\Program Files (x86)\Windows Kits\10\bin\x64;E:\vs2019\\MSBuild\Current\Bin;C:\Windows\Microsoft.NET\Framework64\v4.0.30319;E:\vs2019\Common7\IDE\;E:\vs2019\Common7\Tools\;E:\vs2019\Common7\IDE\\Extensions\Microsoft\IntelliCode\CLI;E:\vs2019\VC\Tools\MSVC\14.29.30133\bin\HostX64\x64;E:\vs2019\Common7\IDE\VC\VCPackages;E:\vs2019\Common7\IDE\CommonExtensions\Microsoft\TestWindow;E:\vs2019\Common7\IDE\CommonExtensions\Microsoft\TeamFoundation\Team Explorer;E:\vs2019\MSBuild\Current\bin\Roslyn;E:\vs2019\Team Tools\Performance Tools\x64;E:\vs2019\Team Tools\Performance Tools;C:\Program Files (x86)\Microsoft SDKs\Windows\v10.0A\bin\NETFX 4.6.1 Tools\x64\;E:\vs2019\Common7\Tools\devinit;C:\Program Files (x86)\Windows Kits\10\bin\10.0.19041.0\x64;C:\Program Files (x86)\Windows Kits\10\bin\x64;E:\vs2019\\MSBuild\Current\Bin;C:\Windows\Microsoft.NET\Framework64\v4.0.30319;E:\vs2019\Common7\IDE\;E:\vs2019\Common7\Tools\;C:\Program Files\NVIDIA GPU Computing Toolkit\CUDA\v11.7\bin;C:\Program Files\NVIDIA GPU Computing Toolkit\CUDA\v11.7\libnvvp;C:\Program Files\Microsoft MPI\Bin\;C:\Program Files (x86)\Common Files\Oracle\Java\javapath;E:\Vm16\bin\;D:\Vtune Profiler\tbb\latest\redist\intel64\vc_mt\;D:\Vtune Profiler\tbb\latest\redist\ia32\vc_mt\;D:\Vtune Profiler\compiler\latest\windows\redist\intel64_win\compiler;D:\Vtune Profiler\compiler\latest\windows\redist\ia32_win\compiler;C:\Windows\system32;C:\Windows;C:\Windows\System32\Wbem;C:\Windows\System32\WindowsPowerShell\v1.0\;C:\Windows\System32\OpenSSH\;C:\Program Files (x86)\NVIDIA Corporation\PhysX\Common;C:\Program Files\NVIDIA Corporation\NVIDIA NvDLISR;C:\Users\zsr\.dnx\bin;C:\Program Files\Microsoft DNX\Dnvm\;D:\matlab\mattalb\runtime\win64;D:\matlab\mattalb\bin;D:\matlab\mattalb\polyspace\bin;C:\Program Files\Java\jdk1.7.0_80\bin\;C:\Program Files\Java\jdk1.7.0_80\jre\bin\;C:\TDM-GCC-64\bin;C:\Program Files\NVIDIA Corporation\Nsight Compute 2022.1.0\;C:\Program Files\Git\cmd;C:\Users\zsr\AppData\Local\Programs\Python\Python37\Scripts\;C:\Users\zsr\AppData\Local\Programs\Python\Python37\;C:\Users\zsr\AppData\Local\Programs\Python\Python39\Scripts\;C:\Users\zsr\AppData\Local\Programs\Python\Python39\;C:\Users\zsr\AppData\Local\Microsoft\WindowsApps;C:\Users\zsr\AppData\Local\Enthought\Canopy\User;C:\Users\zsr\AppData\Local\Enthought\Canopy\User\Scripts;D:\Microsoft VS Code\bin;D:\杂物\新建文件夹\modelsim_ase\win32aloem;D:\杂物\mingw64\bin;D:\IntelliJ IDEA Educational Edition 2022.1\bin;;D:\IntelliJ IDEA Community Edition 2022.1.1\bin;;C:\Program Files\NVIDIA GPU Computing Toolkit\CUDA\v11.7\bin;C:\Program Files\NVIDIA GPU Computing Toolkit\CUDA\v11.7\libnvvp;C:\Program Files\NVIDIA GPU Computing Toolkit\CUDA\v11.7\include;C:\Program Files\NVIDIA GPU Computing Toolkit\CUDA\v11.7\lib;;E:\vs2019\Common7\IDE\CommonExtensions\Microsoft\CMake\CMake\bin;E:\vs2019\Common7\IDE\CommonExtensions\Microsoft\CMake\Ninja;C:\Program Files\NVIDIA GPU Computing Toolkit\CUDA\v11.7\bin;C:\Program Files\NVIDIA GPU Computing Toolkit\CUDA\v11.7\libnvvp;C:\Program Files\Microsoft MPI\Bin\;C:\Program Files (x86)\Common Files\Oracle\Java\javapath;E:\Vm16\bin\;D:\Vtune Profiler\tbb\latest\redist\intel64\vc_mt\;D:\Vtune Profiler\tbb\latest\redist\ia32\vc_mt\;D:\Vtune Profiler\compiler\latest\windows\redist\intel64_win\compiler;D:\Vtune Profiler\compiler\latest\windows\redist\ia32_win\compiler;C:\Windows\system32;C:\Windows;C:\Windows\System32\Wbem;C:\Windows\System32\WindowsPowerShell\v1.0\;C:\Windows\System32\OpenSSH\;C:\Program Files (x86)\NVIDIA Corporation\PhysX\Common;C:\Program Files\NVIDIA Corporation\NVIDIA NvDLISR;C:\Users\zsr\.dnx\bin;C:\Program Files\Microsoft DNX\Dnvm\;D:\matlab\mattalb\runtime\win64;D:\matlab\mattalb\bin;D:\matlab\mattalb\polyspace\bin;C:\Program Files\Java\jdk1.7.0_80\bin\;C:\Program Files\Java\jdk1.7.0_80\jre\bin\;C:\TDM-GCC-64\bin;C:\Program Files\NVIDIA Corporation\Nsight Compute 2022.1.0\;C:\Program Files\Git\cmd;C:\Users\zsr\AppData\Local\Programs\Python\Python37\Scripts\;C:\Users\zsr\AppData\Local\Programs\Python\Python37\;C:\Users\zsr\AppData\Local\Programs\Python\Python39\Scripts\;C:\Users\zsr\AppData\Local\Programs\Python\Python39\;C:\Users\zsr\AppData\Local\Microsoft\WindowsApps;C:\Users\zsr\AppData\Local\Enthought\Canopy\User;C:\Users\zsr\AppData\Local\Enthought\Canopy\User\Scripts;D:\Microsoft VS Code\bin;D:\杂物\新建文件夹\modelsim_ase\win32aloem;D:\杂物\mingw64\bin;D:\IntelliJ IDEA Educational Edition 2022.1\bin;;D:\IntelliJ IDEA Community Edition 2022.1.1\bin;;C:\Program Files\NVIDIA GPU Computing Toolkit\CUDA\v11.7\bin;C:\Program Files\NVIDIA GPU Computing Toolkit\CUDA\v11.7\libnvvp;C:\Program Files\NVIDIA GPU Computing Toolkit\CUDA\v11.7\include;C:\Program Files\NVIDIA GPU Computing Toolkit\CUDA\v11.7\lib;;E:\vs2019\Common7\IDE\CommonExtensions\Microsoft\CMake\CMake\bin;E:\vs2019\Common7\IDE\CommonExtensions\Microsoft\CMake\Ninja
#$ INCLUDES="-IC:/Program Files/NVIDIA GPU Computing Toolkit/CUDA/v11.7/bin/../include"  
#$ LIBRARIES=  "/LIBPATH:C:/Program Files/NVIDIA GPU Computing Toolkit/CUDA/v11.7/bin/../lib/x64"
#$ CUDAFE_FLAGS=
#$ PTXAS_FLAGS=
#$ erase tmp/a_dlink.reg.c
CMakeCUDACompilerId.cu
#$ cl.exe @"tmp/CMakeCUDACompilerId.cpp1.ii.res" > "tmp/CMakeCUDACompilerId.cpp1.ii" 
CMakeCUDACompilerId.cu
#$ cicc --microsoft_version=1929 --msvc_target_version=1929 --compiler_bindir "E:/vs2019/VC/Tools/MSVC/14.29.30133/bin/HostX64/x64/../../../../../../.." --sdk_dir "C:/Program Files (x86)/Windows Kits/10/" --display_error_number --orig_src_file_name "CMakeCUDACompilerId.cu" --orig_src_path_name "C:\Users\zsr\CLionProjects\cudanewts\cmake-build-debug-visual-studio\CMakeFiles\3.20.2\CompilerIdCUDA\CMakeCUDACompilerId.cu" --allow_managed  -arch compute_52 -m64 --no-version-ident -ftz=0 -prec_div=1 -prec_sqrt=1 -fmad=1 --include_file_name "CMakeCUDACompilerId.fatbin.c" -tused --gen_module_id_file --module_id_file_name "tmp/CMakeCUDACompilerId.module_id" --gen_c_file_name "tmp/CMakeCUDACompilerId.cudafe1.c" --stub_file_name "tmp/CMakeCUDACompilerId.cudafe1.stub.c" --gen_device_file_name "tmp/CMakeCUDACompilerId.cudafe1.gpu"  "tmp/CMakeCUDACompilerId.cpp1.ii" -o "tmp/CMakeCUDACompilerId.ptx"
#$ ptxas -arch=sm_52 -m64 "tmp/CMakeCUDACompilerId.ptx"  -o "tmp/CMakeCUDACompilerId.sm_52.cubin" 
#$ fatbinary --create="tmp/CMakeCUDACompilerId.fatbin" -64 --cicc-cmdline="-ftz=0 -prec_div=1 -prec_sqrt=1 -fmad=1 " "--image3=kind=elf,sm=52,file=tmp/CMakeCUDACompilerId.sm_52.cubin" "--image3=kind=ptx,sm=52,file=tmp/CMakeCUDACompilerId.ptx" --embedded-fatbin="tmp/CMakeCUDACompilerId.fatbin.c" 
#$ cl.exe @"tmp/CMakeCUDACompilerId.cpp4.ii.res" > "tmp/CMakeCUDACompilerId.cpp4.ii" 
CMakeCUDACompilerId.cu
#$ cudafe++ --microsoft_version=1929 --msvc_target_version=1929 --compiler_bindir "E:/vs2019/VC/Tools/MSVC/14.29.30133/bin/HostX64/x64/../../../../../../.." --sdk_dir "C:/Program Files (x86)/Windows Kits/10/" --display_error_number --orig_src_file_name "CMakeCUDACompilerId.cu" --orig_src_path_name "C:\Users\zsr\CLionProjects\cudanewts\cmake-build-debug-visual-studio\CMakeFiles\3.20.2\CompilerIdCUDA\CMakeCUDACompilerId.cu" --allow_managed --m64 --parse_templates --gen_c_file_name "tmp/CMakeCUDACompilerId.cudafe1.cpp" --stub_file_name "CMakeCUDACompilerId.cudafe1.stub.c" --module_id_file_name "tmp/CMakeCUDACompilerId.module_id" "tmp/CMakeCUDACompilerId.cpp4.ii" 
#$ cl.exe @"tmp/CMakeCUDACompilerId.obj.res" -Fo"tmp/CMakeCUDACompilerId.obj" 
CMakeCUDACompilerId.cudafe1.cpp
#$ nvlink -optf "tmp/a_dlink.sm_52.cubin.optf"
#$ fatbinary --create="tmp/a_dlink.fatbin" -64 --cicc-cmdline="-ftz=0 -prec_div=1 -prec_sqrt=1 -fmad=1 " -link "--image3=kind=elf,sm=52,file=tmp/a_dlink.sm_52.cubin" --embedded-fatbin="tmp/a_dlink.fatbin.c" 
#$ cl.exe @"tmp/a_dlink.obj.res" -Fo"tmp/a_dlink.obj" 
link.stub
#$ cl.exe @"tmp/a.exe.res" -Fe"a.exe" 
  正在创建库 a.lib 和对象 a.exp


Compilation of the CUDA compiler identification source "CMakeCUDACompilerId.cu" produced "a.exe"

Compilation of the CUDA compiler identification source "CMakeCUDACompilerId.cu" produced "a.exp"

Compilation of the CUDA compiler identification source "CMakeCUDACompilerId.cu" produced "a.lib"

The CUDA compiler identification is NVIDIA, found in "C:/Users/zsr/CLionProjects/cudanewts/cmake-build-debug-visual-studio/CMakeFiles/3.20.2/CompilerIdCUDA/a.exe"

Parsed CUDA nvcc implicit link information from above output:
  found 'PATH=' string: [E:\vs2019\VC\Tools\MSVC\14.29.30133\bin\HostX64\x64;E:\vs2019\Common7\IDE\\Extensions\Microsoft\IntelliCode\CLI;E:\vs2019\VC\Tools\MSVC\14.29.30133\bin\HostX64\x64;E:\vs2019\Common7\IDE\VC\VCPackages;E:\vs2019\Common7\IDE\CommonExtensions\Microsoft\TestWindow;E:\vs2019\Common7\IDE\CommonExtensions\Microsoft\TeamFoundation\Team Explorer;E:\vs2019\MSBuild\Current\bin\Roslyn;E:\vs2019\Team Tools\Performance Tools\x64;E:\vs2019\Team Tools\Performance Tools;C:\Program Files (x86)\Microsoft SDKs\Windows\v10.0A\bin\NETFX 4.6.1 Tools\x64\;E:\vs2019\Common7\Tools\devinit;C:\Program Files (x86)\Windows Kits\10\bin\10.0.19041.0\x64;C:\Program Files (x86)\Windows Kits\10\bin\x64;E:\vs2019\\MSBuild\Current\Bin;C:\Windows\Microsoft.NET\Framework64\v4.0.30319;E:\vs2019\Common7\IDE\;E:\vs2019\Common7\Tools\;E:\vs2019\Common7\IDE\\Extensions\Microsoft\IntelliCode\CLI;E:\vs2019\VC\Tools\MSVC\14.29.30133\bin\HostX64\x64;E:\vs2019\Common7\IDE\VC\VCPackages;E:\vs2019\Common7\IDE\CommonExtensions\Microsoft\TestWindow;E:\vs2019\Common7\IDE\CommonExtensions\Microsoft\TeamFoundation\Team Explorer;E:\vs2019\MSBuild\Current\bin\Roslyn;E:\vs2019\Team Tools\Performance Tools\x64;E:\vs2019\Team Tools\Performance Tools;C:\Program Files (x86)\Microsoft SDKs\Windows\v10.0A\bin\NETFX 4.6.1 Tools\x64\;E:\vs2019\Common7\Tools\devinit;C:\Program Files (x86)\Windows Kits\10\bin\10.0.19041.0\x64;C:\Program Files (x86)\Windows Kits\10\bin\x64;E:\vs2019\\MSBuild\Current\Bin;C:\Windows\Microsoft.NET\Framework64\v4.0.30319;E:\vs2019\Common7\IDE\;E:\vs2019\Common7\Tools\;C:\Program Files\NVIDIA GPU Computing Toolkit\CUDA\v11.7\bin;C:\Program Files\NVIDIA GPU Computing Toolkit\CUDA\v11.7\libnvvp;C:\Program Files\Microsoft MPI\Bin\;C:\Program Files (x86)\Common Files\Oracle\Java\javapath;E:\Vm16\bin\;D:\Vtune Profiler\tbb\latest\redist\intel64\vc_mt\;D:\Vtune Profiler\tbb\latest\redist\ia32\vc_mt\;D:\Vtune Profiler\compiler\latest\windows\redist\intel64_win\compiler;D:\Vtune Profiler\compiler\latest\windows\redist\ia32_win\compiler;C:\Windows\system32;C:\Windows;C:\Windows\System32\Wbem;C:\Windows\System32\WindowsPowerShell\v1.0\;C:\Windows\System32\OpenSSH\;C:\Program Files (x86)\NVIDIA Corporation\PhysX\Common;C:\Program Files\NVIDIA Corporation\NVIDIA NvDLISR;C:\Users\zsr\.dnx\bin;C:\Program Files\Microsoft DNX\Dnvm\;D:\matlab\mattalb\runtime\win64;D:\matlab\mattalb\bin;D:\matlab\mattalb\polyspace\bin;C:\Program Files\Java\jdk1.7.0_80\bin\;C:\Program Files\Java\jdk1.7.0_80\jre\bin\;C:\TDM-GCC-64\bin;C:\Program Files\NVIDIA Corporation\Nsight Compute 2022.1.0\;C:\Program Files\Git\cmd;C:\Users\zsr\AppData\Local\Programs\Python\Python37\Scripts\;C:\Users\zsr\AppData\Local\Programs\Python\Python37\;C:\Users\zsr\AppData\Local\Programs\Python\Python39\Scripts\;C:\Users\zsr\AppData\Local\Programs\Python\Python39\;C:\Users\zsr\AppData\Local\Microsoft\WindowsApps;C:\Users\zsr\AppData\Local\Enthought\Canopy\User;C:\Users\zsr\AppData\Local\Enthought\Canopy\User\Scripts;D:\Microsoft VS Code\bin;D:\杂物\新建文件夹\modelsim_ase\win32aloem;D:\杂物\mingw64\bin;D:\IntelliJ IDEA Educational Edition 2022.1\bin;;D:\IntelliJ IDEA Community Edition 2022.1.1\bin;;C:\Program Files\NVIDIA GPU Computing Toolkit\CUDA\v11.7\bin;C:\Program Files\NVIDIA GPU Computing Toolkit\CUDA\v11.7\libnvvp;C:\Program Files\NVIDIA GPU Computing Toolkit\CUDA\v11.7\include;C:\Program Files\NVIDIA GPU Computing Toolkit\CUDA\v11.7\lib;;E:\vs2019\Common7\IDE\CommonExtensions\Microsoft\CMake\CMake\bin;E:\vs2019\Common7\IDE\CommonExtensions\Microsoft\CMake\Ninja;C:\Program Files\NVIDIA GPU Computing Toolkit\CUDA\v11.7\bin;C:\Program Files\NVIDIA GPU Computing Toolkit\CUDA\v11.7\libnvvp;C:\Program Files\Microsoft MPI\Bin\;C:\Program Files (x86)\Common Files\Oracle\Java\javapath;E:\Vm16\bin\;D:\Vtune Profiler\tbb\latest\redist\intel64\vc_mt\;D:\Vtune Profiler\tbb\latest\redist\ia32\vc_mt\;D:\Vtune Profiler\compiler\latest\windows\redist\intel64_win\compiler;D:\Vtune Profiler\compiler\latest\windows\redist\ia32_win\compiler;C:\Windows\system32;C:\Windows;C:\Windows\System32\Wbem;C:\Windows\System32\WindowsPowerShell\v1.0\;C:\Windows\System32\OpenSSH\;C:\Program Files (x86)\NVIDIA Corporation\PhysX\Common;C:\Program Files\NVIDIA Corporation\NVIDIA NvDLISR;C:\Users\zsr\.dnx\bin;C:\Program Files\Microsoft DNX\Dnvm\;D:\matlab\mattalb\runtime\win64;D:\matlab\mattalb\bin;D:\matlab\mattalb\polyspace\bin;C:\Program Files\Java\jdk1.7.0_80\bin\;C:\Program Files\Java\jdk1.7.0_80\jre\bin\;C:\TDM-GCC-64\bin;C:\Program Files\NVIDIA Corporation\Nsight Compute 2022.1.0\;C:\Program Files\Git\cmd;C:\Users\zsr\AppData\Local\Programs\Python\Python37\Scripts\;C:\Users\zsr\AppData\Local\Programs\Python\Python37\;C:\Users\zsr\AppData\Local\Programs\Python\Python39\Scripts\;C:\Users\zsr\AppData\Local\Programs\Python\Python39\;C:\Users\zsr\AppData\Local\Microsoft\WindowsApps;C:\Users\zsr\AppData\Local\Enthought\Canopy\User;C:\Users\zsr\AppData\Local\Enthought\Canopy\User\Scripts;D:\Microsoft VS Code\bin;D:\杂物\新建文件夹\modelsim_ase\win32aloem;D:\杂物\mingw64\bin;D:\IntelliJ IDEA Educational Edition 2022.1\bin;;D:\IntelliJ IDEA Community Edition 2022.1.1\bin;;C:\Program Files\NVIDIA GPU Computing Toolkit\CUDA\v11.7\bin;C:\Program Files\NVIDIA GPU Computing Toolkit\CUDA\v11.7\libnvvp;C:\Program Files\NVIDIA GPU Computing Toolkit\CUDA\v11.7\include;C:\Program Files\NVIDIA GPU Computing Toolkit\CUDA\v11.7\lib;;E:\vs2019\Common7\IDE\CommonExtensions\Microsoft\CMake\CMake\bin;E:\vs2019\Common7\IDE\CommonExtensions\Microsoft\CMake\Ninja]
  found 'LIBRARIES=' string: ["/LIBPATH:C:/Program Files/NVIDIA GPU Computing Toolkit/CUDA/v11.7/bin/../lib/x64"]
  considering line: []
  considering line: [C:\Users\zsr\CLionProjects\cudanewts\cmake-build-debug-visual-studio\CMakeFiles\3.20.2\CompilerIdCUDA>call "E:/vs2019/VC/Tools/MSVC/14.29.30133/bin/HostX64/x64/../../../../../../../VC/Auxiliary/Build/vcvars64.bat" ]
  considering line: [**********************************************************************]
  considering line: [** Visual Studio 2019 Developer Command Prompt v16.11.15]
  considering line: [** Copyright (c) 2021 Microsoft Corporation]
  considering line: [**********************************************************************]
  considering line: [[vcvarsall.bat] Environment initialized for: 'x64']
  considering line: [E:/vs2019/VC/Tools/MSVC/14.29.30133/bin/HostX64/x64/../../../../../../../VC/Auxiliary/Build/vcvars64.bat]
  considering line: [IntelliJ IDEA Community Edition=D:\IntelliJ IDEA Community Edition 2022.1.1\bin]
  considering line: []
  considering line: [IntelliJ IDEA Educational Edition=D:\IntelliJ IDEA Educational Edition 2022.1\bin]
  considering line: []
  considering line: [erase tmp/a_dlink.reg.c]
  considering line: [CMakeCUDACompilerId.cu]
  considering line: [cl.exe @"tmp/CMakeCUDACompilerId.cpp1.ii.res" > "tmp/CMakeCUDACompilerId.cpp1.ii" ]
  considering line: [CMakeCUDACompilerId.cu]
  considering line: [cicc --microsoft_version=1929 --msvc_target_version=1929 --compiler_bindir "E:/vs2019/VC/Tools/MSVC/14.29.30133/bin/HostX64/x64/../../../../../../.." --sdk_dir "C:/Program Files (x86)/Windows Kits/10/" --display_error_number --orig_src_file_name "CMakeCUDACompilerId.cu" --orig_src_path_name "C:\Users\zsr\CLionProjects\cudanewts\cmake-build-debug-visual-studio\CMakeFiles\3.20.2\CompilerIdCUDA\CMakeCUDACompilerId.cu" --allow_managed  -arch compute_52 -m64 --no-version-ident -ftz=0 -prec_div=1 -prec_sqrt=1 -fmad=1 --include_file_name "CMakeCUDACompilerId.fatbin.c" -tused --gen_module_id_file --module_id_file_name "tmp/CMakeCUDACompilerId.module_id" --gen_c_file_name "tmp/CMakeCUDACompilerId.cudafe1.c" --stub_file_name "tmp/CMakeCUDACompilerId.cudafe1.stub.c" --gen_device_file_name "tmp/CMakeCUDACompilerId.cudafe1.gpu"  "tmp/CMakeCUDACompilerId.cpp1.ii" -o "tmp/CMakeCUDACompilerId.ptx"]
  considering line: [ptxas -arch=sm_52 -m64 "tmp/CMakeCUDACompilerId.ptx"  -o "tmp/CMakeCUDACompilerId.sm_52.cubin" ]
  considering line: [fatbinary --create="tmp/CMakeCUDACompilerId.fatbin" -64 --cicc-cmdline="-ftz=0 -prec_div=1 -prec_sqrt=1 -fmad=1 " "--image3=kind=elf,sm=52,file=tmp/CMakeCUDACompilerId.sm_52.cubin" "--image3=kind=ptx,sm=52,file=tmp/CMakeCUDACompilerId.ptx" --embedded-fatbin="tmp/CMakeCUDACompilerId.fatbin.c" ]
  considering line: [cl.exe @"tmp/CMakeCUDACompilerId.cpp4.ii.res" > "tmp/CMakeCUDACompilerId.cpp4.ii" ]
  considering line: [CMakeCUDACompilerId.cu]
  considering line: [cudafe++ --microsoft_version=1929 --msvc_target_version=1929 --compiler_bindir "E:/vs2019/VC/Tools/MSVC/14.29.30133/bin/HostX64/x64/../../../../../../.." --sdk_dir "C:/Program Files (x86)/Windows Kits/10/" --display_error_number --orig_src_file_name "CMakeCUDACompilerId.cu" --orig_src_path_name "C:\Users\zsr\CLionProjects\cudanewts\cmake-build-debug-visual-studio\CMakeFiles\3.20.2\CompilerIdCUDA\CMakeCUDACompilerId.cu" --allow_managed --m64 --parse_templates --gen_c_file_name "tmp/CMakeCUDACompilerId.cudafe1.cpp" --stub_file_name "CMakeCUDACompilerId.cudafe1.stub.c" --module_id_file_name "tmp/CMakeCUDACompilerId.module_id" "tmp/CMakeCUDACompilerId.cpp4.ii" ]
  considering line: [cl.exe @"tmp/CMakeCUDACompilerId.obj.res" -Fo"tmp/CMakeCUDACompilerId.obj" ]
  considering line: [CMakeCUDACompilerId.cudafe1.cpp]
  considering line: [nvlink -optf "tmp/a_dlink.sm_52.cubin.optf"]
    ignoring nvlink line
  considering line: [fatbinary --create="tmp/a_dlink.fatbin" -64 --cicc-cmdline="-ftz=0 -prec_div=1 -prec_sqrt=1 -fmad=1 " -link "--image3=kind=elf,sm=52,file=tmp/a_dlink.sm_52.cubin" --embedded-fatbin="tmp/a_dlink.fatbin.c" ]
  considering line: [cl.exe @"tmp/a_dlink.obj.res" -Fo"tmp/a_dlink.obj" ]
  considering line: [link.stub]
  considering line: [cl.exe @"tmp/a.exe.res" -Fe"a.exe" ]
    extracted link line: [cl.exe -D__CUDA_ARCH_LIST__=520 -nologo "C:\Users\zsr\CLionProjects\cudanewts\cmake-build-debug-visual-studio\CMakeFiles\3.20.2\CompilerIdCUDA\tmp\a_dlink.obj" "C:\Users\zsr\CLionProjects\cudanewts\cmake-build-debug-visual-studio\CMakeFiles\3.20.2\CompilerIdCUDA\tmp\CMakeCUDACompilerId.obj" -link -INCREMENTAL:NO   "/LIBPATH:C:/Program Files/NVIDIA GPU Computing Toolkit/CUDA/v11.7/bin/../lib/x64"  cudadevrt.lib  cudart_static.lib -Fe"a.exe" ]
  considering line: [  正在创建库 a.lib 和对象 a.exp]
  considering line: []

  link line regex: [^( *|.*[/\])(link\.exe|CMAKE_LINK_STARTFILE-NOTFOUND|([^/\]+-)?ld|collect2)[^/\]*( |$)]
  link line: [cuda-fake-ld cl.exe -D__CUDA_ARCH_LIST__=520 -nologo "C:\Users\zsr\CLionProjects\cudanewts\cmake-build-debug-visual-studio\CMakeFiles\3.20.2\CompilerIdCUDA\tmp\a_dlink.obj" "C:\Users\zsr\CLionProjects\cudanewts\cmake-build-debug-visual-studio\CMakeFiles\3.20.2\CompilerIdCUDA\tmp\CMakeCUDACompilerId.obj" -link -INCREMENTAL:NO   "/LIBPATH:C:/Program Files/NVIDIA GPU Computing Toolkit/CUDA/v11.7/bin/../lib/x64"  cudadevrt.lib  cudart_static.lib -Fe"a.exe" ]
    arg [cuda-fake-ld] ==> ignore
    arg [cl.exe] ==> recognize MSVC cl
    arg [-D__CUDA_ARCH_LIST__=520] ==> ignore
    arg [-nologo] ==> ignore
    arg [C:\Users\zsr\CLionProjects\cudanewts\cmake-build-debug-visual-studio\CMakeFiles\3.20.2\CompilerIdCUDA\tmp\a_dlink.obj] ==> ignore
    arg [C:\Users\zsr\CLionProjects\cudanewts\cmake-build-debug-visual-studio\CMakeFiles\3.20.2\CompilerIdCUDA\tmp\CMakeCUDACompilerId.obj] ==> ignore
    arg [-link] ==> ignore MSVC cl option
    arg [-INCREMENTAL:NO] ==> ignore
    arg [/LIBPATH:C:/Program Files/NVIDIA GPU Computing Toolkit/CUDA/v11.7/bin/../lib/x64] ==> dir [C:/Program Files/NVIDIA GPU Computing Toolkit/CUDA/v11.7/bin/../lib/x64]
    arg [cudadevrt.lib] ==> lib [cudadevrt.lib]
    arg [cudart_static.lib] ==> lib [cudart_static.lib]
    arg [-Fea.exe] ==> ignore
  collapse library dir [C:/Program Files/NVIDIA GPU Computing Toolkit/CUDA/v11.7/bin/../lib/x64] ==> [C:/Program Files/NVIDIA GPU Computing Toolkit/CUDA/v11.7/lib/x64]
  implicit libs: [cudadevrt.lib;cudart_static.lib]
  implicit objs: []
  implicit dirs: [C:/Program Files/NVIDIA GPU Computing Toolkit/CUDA/v11.7/lib/x64]
  implicit fwks: []


Parsed CUDA nvcc include information from above output:
  found 'PATH=' string: [E:\vs2019\VC\Tools\MSVC\14.29.30133\bin\HostX64\x64;E:\vs2019\Common7\IDE\\Extensions\Microsoft\IntelliCode\CLI;E:\vs2019\VC\Tools\MSVC\14.29.30133\bin\HostX64\x64;E:\vs2019\Common7\IDE\VC\VCPackages;E:\vs2019\Common7\IDE\CommonExtensions\Microsoft\TestWindow;E:\vs2019\Common7\IDE\CommonExtensions\Microsoft\TeamFoundation\Team Explorer;E:\vs2019\MSBuild\Current\bin\Roslyn;E:\vs2019\Team Tools\Performance Tools\x64;E:\vs2019\Team Tools\Performance Tools;C:\Program Files (x86)\Microsoft SDKs\Windows\v10.0A\bin\NETFX 4.6.1 Tools\x64\;E:\vs2019\Common7\Tools\devinit;C:\Program Files (x86)\Windows Kits\10\bin\10.0.19041.0\x64;C:\Program Files (x86)\Windows Kits\10\bin\x64;E:\vs2019\\MSBuild\Current\Bin;C:\Windows\Microsoft.NET\Framework64\v4.0.30319;E:\vs2019\Common7\IDE\;E:\vs2019\Common7\Tools\;E:\vs2019\Common7\IDE\\Extensions\Microsoft\IntelliCode\CLI;E:\vs2019\VC\Tools\MSVC\14.29.30133\bin\HostX64\x64;E:\vs2019\Common7\IDE\VC\VCPackages;E:\vs2019\Common7\IDE\CommonExtensions\Microsoft\TestWindow;E:\vs2019\Common7\IDE\CommonExtensions\Microsoft\TeamFoundation\Team Explorer;E:\vs2019\MSBuild\Current\bin\Roslyn;E:\vs2019\Team Tools\Performance Tools\x64;E:\vs2019\Team Tools\Performance Tools;C:\Program Files (x86)\Microsoft SDKs\Windows\v10.0A\bin\NETFX 4.6.1 Tools\x64\;E:\vs2019\Common7\Tools\devinit;C:\Program Files (x86)\Windows Kits\10\bin\10.0.19041.0\x64;C:\Program Files (x86)\Windows Kits\10\bin\x64;E:\vs2019\\MSBuild\Current\Bin;C:\Windows\Microsoft.NET\Framework64\v4.0.30319;E:\vs2019\Common7\IDE\;E:\vs2019\Common7\Tools\;C:\Program Files\NVIDIA GPU Computing Toolkit\CUDA\v11.7\bin;C:\Program Files\NVIDIA GPU Computing Toolkit\CUDA\v11.7\libnvvp;C:\Program Files\Microsoft MPI\Bin\;C:\Program Files (x86)\Common Files\Oracle\Java\javapath;E:\Vm16\bin\;D:\Vtune Profiler\tbb\latest\redist\intel64\vc_mt\;D:\Vtune Profiler\tbb\latest\redist\ia32\vc_mt\;D:\Vtune Profiler\compiler\latest\windows\redist\intel64_win\compiler;D:\Vtune Profiler\compiler\latest\windows\redist\ia32_win\compiler;C:\Windows\system32;C:\Windows;C:\Windows\System32\Wbem;C:\Windows\System32\WindowsPowerShell\v1.0\;C:\Windows\System32\OpenSSH\;C:\Program Files (x86)\NVIDIA Corporation\PhysX\Common;C:\Program Files\NVIDIA Corporation\NVIDIA NvDLISR;C:\Users\zsr\.dnx\bin;C:\Program Files\Microsoft DNX\Dnvm\;D:\matlab\mattalb\runtime\win64;D:\matlab\mattalb\bin;D:\matlab\mattalb\polyspace\bin;C:\Program Files\Java\jdk1.7.0_80\bin\;C:\Program Files\Java\jdk1.7.0_80\jre\bin\;C:\TDM-GCC-64\bin;C:\Program Files\NVIDIA Corporation\Nsight Compute 2022.1.0\;C:\Program Files\Git\cmd;C:\Users\zsr\AppData\Local\Programs\Python\Python37\Scripts\;C:\Users\zsr\AppData\Local\Programs\Python\Python37\;C:\Users\zsr\AppData\Local\Programs\Python\Python39\Scripts\;C:\Users\zsr\AppData\Local\Programs\Python\Python39\;C:\Users\zsr\AppData\Local\Microsoft\WindowsApps;C:\Users\zsr\AppData\Local\Enthought\Canopy\User;C:\Users\zsr\AppData\Local\Enthought\Canopy\User\Scripts;D:\Microsoft VS Code\bin;D:\杂物\新建文件夹\modelsim_ase\win32aloem;D:\杂物\mingw64\bin;D:\IntelliJ IDEA Educational Edition 2022.1\bin;;D:\IntelliJ IDEA Community Edition 2022.1.1\bin;;C:\Program Files\NVIDIA GPU Computing Toolkit\CUDA\v11.7\bin;C:\Program Files\NVIDIA GPU Computing Toolkit\CUDA\v11.7\libnvvp;C:\Program Files\NVIDIA GPU Computing Toolkit\CUDA\v11.7\include;C:\Program Files\NVIDIA GPU Computing Toolkit\CUDA\v11.7\lib;;E:\vs2019\Common7\IDE\CommonExtensions\Microsoft\CMake\CMake\bin;E:\vs2019\Common7\IDE\CommonExtensions\Microsoft\CMake\Ninja;C:\Program Files\NVIDIA GPU Computing Toolkit\CUDA\v11.7\bin;C:\Program Files\NVIDIA GPU Computing Toolkit\CUDA\v11.7\libnvvp;C:\Program Files\Microsoft MPI\Bin\;C:\Program Files (x86)\Common Files\Oracle\Java\javapath;E:\Vm16\bin\;D:\Vtune Profiler\tbb\latest\redist\intel64\vc_mt\;D:\Vtune Profiler\tbb\latest\redist\ia32\vc_mt\;D:\Vtune Profiler\compiler\latest\windows\redist\intel64_win\compiler;D:\Vtune Profiler\compiler\latest\windows\redist\ia32_win\compiler;C:\Windows\system32;C:\Windows;C:\Windows\System32\Wbem;C:\Windows\System32\WindowsPowerShell\v1.0\;C:\Windows\System32\OpenSSH\;C:\Program Files (x86)\NVIDIA Corporation\PhysX\Common;C:\Program Files\NVIDIA Corporation\NVIDIA NvDLISR;C:\Users\zsr\.dnx\bin;C:\Program Files\Microsoft DNX\Dnvm\;D:\matlab\mattalb\runtime\win64;D:\matlab\mattalb\bin;D:\matlab\mattalb\polyspace\bin;C:\Program Files\Java\jdk1.7.0_80\bin\;C:\Program Files\Java\jdk1.7.0_80\jre\bin\;C:\TDM-GCC-64\bin;C:\Program Files\NVIDIA Corporation\Nsight Compute 2022.1.0\;C:\Program Files\Git\cmd;C:\Users\zsr\AppData\Local\Programs\Python\Python37\Scripts\;C:\Users\zsr\AppData\Local\Programs\Python\Python37\;C:\Users\zsr\AppData\Local\Programs\Python\Python39\Scripts\;C:\Users\zsr\AppData\Local\Programs\Python\Python39\;C:\Users\zsr\AppData\Local\Microsoft\WindowsApps;C:\Users\zsr\AppData\Local\Enthought\Canopy\User;C:\Users\zsr\AppData\Local\Enthought\Canopy\User\Scripts;D:\Microsoft VS Code\bin;D:\杂物\新建文件夹\modelsim_ase\win32aloem;D:\杂物\mingw64\bin;D:\IntelliJ IDEA Educational Edition 2022.1\bin;;D:\IntelliJ IDEA Community Edition 2022.1.1\bin;;C:\Program Files\NVIDIA GPU Computing Toolkit\CUDA\v11.7\bin;C:\Program Files\NVIDIA GPU Computing Toolkit\CUDA\v11.7\libnvvp;C:\Program Files\NVIDIA GPU Computing Toolkit\CUDA\v11.7\include;C:\Program Files\NVIDIA GPU Computing Toolkit\CUDA\v11.7\lib;;E:\vs2019\Common7\IDE\CommonExtensions\Microsoft\CMake\CMake\bin;E:\vs2019\Common7\IDE\CommonExtensions\Microsoft\CMake\Ninja]
  found 'LIBRARIES=' string: ["/LIBPATH:C:/Program Files/NVIDIA GPU Computing Toolkit/CUDA/v11.7/bin/../lib/x64"]
  considering line: []
  considering line: [C:\Users\zsr\CLionProjects\cudanewts\cmake-build-debug-visual-studio\CMakeFiles\3.20.2\CompilerIdCUDA>call "E:/vs2019/VC/Tools/MSVC/14.29.30133/bin/HostX64/x64/../../../../../../../VC/Auxiliary/Build/vcvars64.bat" ]
  considering line: [**********************************************************************]
  considering line: [** Visual Studio 2019 Developer Command Prompt v16.11.15]
  considering line: [** Copyright (c) 2021 Microsoft Corporation]
  considering line: [**********************************************************************]
  considering line: [[vcvarsall.bat] Environment initialized for: 'x64']
  considering line: [E:/vs2019/VC/Tools/MSVC/14.29.30133/bin/HostX64/x64/../../../../../../../VC/Auxiliary/Build/vcvars64.bat]
  considering line: [IntelliJ IDEA Community Edition=D:\IntelliJ IDEA Community Edition 2022.1.1\bin]
  considering line: []
  considering line: [IntelliJ IDEA Educational Edition=D:\IntelliJ IDEA Educational Edition 2022.1\bin]
  considering line: []
  considering line: [erase tmp/a_dlink.reg.c]
  considering line: [CMakeCUDACompilerId.cu]
  considering line: [cl.exe @"tmp/CMakeCUDACompilerId.cpp1.ii.res" > "tmp/CMakeCUDACompilerId.cpp1.ii" ]
  considering line: [CMakeCUDACompilerId.cu]
  considering line: [cicc --microsoft_version=1929 --msvc_target_version=1929 --compiler_bindir "E:/vs2019/VC/Tools/MSVC/14.29.30133/bin/HostX64/x64/../../../../../../.." --sdk_dir "C:/Program Files (x86)/Windows Kits/10/" --display_error_number --orig_src_file_name "CMakeCUDACompilerId.cu" --orig_src_path_name "C:\Users\zsr\CLionProjects\cudanewts\cmake-build-debug-visual-studio\CMakeFiles\3.20.2\CompilerIdCUDA\CMakeCUDACompilerId.cu" --allow_managed  -arch compute_52 -m64 --no-version-ident -ftz=0 -prec_div=1 -prec_sqrt=1 -fmad=1 --include_file_name "CMakeCUDACompilerId.fatbin.c" -tused --gen_module_id_file --module_id_file_name "tmp/CMakeCUDACompilerId.module_id" --gen_c_file_name "tmp/CMakeCUDACompilerId.cudafe1.c" --stub_file_name "tmp/CMakeCUDACompilerId.cudafe1.stub.c" --gen_device_file_name "tmp/CMakeCUDACompilerId.cudafe1.gpu"  "tmp/CMakeCUDACompilerId.cpp1.ii" -o "tmp/CMakeCUDACompilerId.ptx"]
  considering line: [ptxas -arch=sm_52 -m64 "tmp/CMakeCUDACompilerId.ptx"  -o "tmp/CMakeCUDACompilerId.sm_52.cubin" ]
  considering line: [fatbinary --create="tmp/CMakeCUDACompilerId.fatbin" -64 --cicc-cmdline="-ftz=0 -prec_div=1 -prec_sqrt=1 -fmad=1 " "--image3=kind=elf,sm=52,file=tmp/CMakeCUDACompilerId.sm_52.cubin" "--image3=kind=ptx,sm=52,file=tmp/CMakeCUDACompilerId.ptx" --embedded-fatbin="tmp/CMakeCUDACompilerId.fatbin.c" ]
  considering line: [cl.exe @"tmp/CMakeCUDACompilerId.cpp4.ii.res" > "tmp/CMakeCUDACompilerId.cpp4.ii" ]
  considering line: [CMakeCUDACompilerId.cu]
  considering line: [cudafe++ --microsoft_version=1929 --msvc_target_version=1929 --compiler_bindir "E:/vs2019/VC/Tools/MSVC/14.29.30133/bin/HostX64/x64/../../../../../../.." --sdk_dir "C:/Program Files (x86)/Windows Kits/10/" --display_error_number --orig_src_file_name "CMakeCUDACompilerId.cu" --orig_src_path_name "C:\Users\zsr\CLionProjects\cudanewts\cmake-build-debug-visual-studio\CMakeFiles\3.20.2\CompilerIdCUDA\CMakeCUDACompilerId.cu" --allow_managed --m64 --parse_templates --gen_c_file_name "tmp/CMakeCUDACompilerId.cudafe1.cpp" --stub_file_name "CMakeCUDACompilerId.cudafe1.stub.c" --module_id_file_name "tmp/CMakeCUDACompilerId.module_id" "tmp/CMakeCUDACompilerId.cpp4.ii" ]
  considering line: [cl.exe @"tmp/CMakeCUDACompilerId.obj.res" -Fo"tmp/CMakeCUDACompilerId.obj" ]
  considering line: [CMakeCUDACompilerId.cudafe1.cpp]
  considering line: [nvlink -optf "tmp/a_dlink.sm_52.cubin.optf"]
    ignoring nvlink line
  considering line: [fatbinary --create="tmp/a_dlink.fatbin" -64 --cicc-cmdline="-ftz=0 -prec_div=1 -prec_sqrt=1 -fmad=1 " -link "--image3=kind=elf,sm=52,file=tmp/a_dlink.sm_52.cubin" --embedded-fatbin="tmp/a_dlink.fatbin.c" ]
  considering line: [cl.exe @"tmp/a_dlink.obj.res" -Fo"tmp/a_dlink.obj" ]
  considering line: [link.stub]
  considering line: [cl.exe @"tmp/a.exe.res" -Fe"a.exe" ]
    extracted link line: [cl.exe -D__CUDA_ARCH_LIST__=520 -nologo "C:\Users\zsr\CLionProjects\cudanewts\cmake-build-debug-visual-studio\CMakeFiles\3.20.2\CompilerIdCUDA\tmp\a_dlink.obj" "C:\Users\zsr\CLionProjects\cudanewts\cmake-build-debug-visual-studio\CMakeFiles\3.20.2\CompilerIdCUDA\tmp\CMakeCUDACompilerId.obj" -link -INCREMENTAL:NO   "/LIBPATH:C:/Program Files/NVIDIA GPU Computing Toolkit/CUDA/v11.7/bin/../lib/x64"  cudadevrt.lib  cudart_static.lib -Fe"a.exe" ]
  considering line: [  正在创建库 a.lib 和对象 a.exp]
  considering line: []
  found 'INCLUDES=' string: ["-IC:/Program Files/NVIDIA GPU Computing Toolkit/CUDA/v11.7/bin/../include"  ]

  link line regex: [^( *|.*[/\])(link\.exe|CMAKE_LINK_STARTFILE-NOTFOUND|([^/\]+-)?ld|collect2)[^/\]*( |$)]
  link line: [cuda-fake-ld cl.exe -D__CUDA_ARCH_LIST__=520 -nologo "C:\Users\zsr\CLionProjects\cudanewts\cmake-build-debug-visual-studio\CMakeFiles\3.20.2\CompilerIdCUDA\tmp\a_dlink.obj" "C:\Users\zsr\CLionProjects\cudanewts\cmake-build-debug-visual-studio\CMakeFiles\3.20.2\CompilerIdCUDA\tmp\CMakeCUDACompilerId.obj" -link -INCREMENTAL:NO   "/LIBPATH:C:/Program Files/NVIDIA GPU Computing Toolkit/CUDA/v11.7/bin/../lib/x64"  cudadevrt.lib  cudart_static.lib -Fe"a.exe" ]
    arg [cuda-fake-ld] ==> ignore
    arg [cl.exe] ==> recognize MSVC cl
    arg [-D__CUDA_ARCH_LIST__=520] ==> ignore
    arg [-nologo] ==> ignore
    arg [C:\Users\zsr\CLionProjects\cudanewts\cmake-build-debug-visual-studio\CMakeFiles\3.20.2\CompilerIdCUDA\tmp\a_dlink.obj] ==> ignore
    arg [C:\Users\zsr\CLionProjects\cudanewts\cmake-build-debug-visual-studio\CMakeFiles\3.20.2\CompilerIdCUDA\tmp\CMakeCUDACompilerId.obj] ==> ignore
    arg [-link] ==> ignore MSVC cl option
    arg [-INCREMENTAL:NO] ==> ignore
    arg [/LIBPATH:C:/Program Files/NVIDIA GPU Computing Toolkit/CUDA/v11.7/bin/../lib/x64] ==> dir [C:/Program Files/NVIDIA GPU Computing Toolkit/CUDA/v11.7/bin/../lib/x64]
    arg [cudadevrt.lib] ==> lib [cudadevrt.lib]
    arg [cudart_static.lib] ==> lib [cudart_static.lib]
    arg [-Fea.exe] ==> ignore
  collapse library dir [C:/Program Files/NVIDIA GPU Computing Toolkit/CUDA/v11.7/bin/../lib/x64] ==> [C:/Program Files/NVIDIA GPU Computing Toolkit/CUDA/v11.7/lib/x64]
  implicit libs: [cudadevrt.lib;cudart_static.lib]
  implicit objs: []
  implicit dirs: [C:/Program Files/NVIDIA GPU Computing Toolkit/CUDA/v11.7/lib/x64]
  implicit fwks: []


Detecting CUDA compiler ABI info compiled with the following output:
Change Dir: C:/Users/zsr/CLionProjects/cudanewts/cmake-build-debug-visual-studio/CMakeFiles/CMakeTmp

Run Build Command(s):nmake -f Makefile /nologo cmTC_cf2d5\fast && 	E:\vs2019\VC\Tools\MSVC\14.29.30133\bin\HostX64\x64\nmake.exe  -f CMakeFiles\cmTC_cf2d5.dir\build.make /nologo -L                  CMakeFiles\cmTC_cf2d5.dir\build
Building CUDA object CMakeFiles/cmTC_cf2d5.dir/CMakeCUDACompilerABI.cu.obj
	C:\PROGRA~1\NVIDIA~2\CUDA\v11.7\bin\nvcc.exe -forward-unknown-to-host-compiler   -D_WINDOWS -Xcompiler=" /EHsc"  -Xcompiler="-Zi -Ob0 -Od /RTC1" --generate-code=arch=compute_52,code=[compute_52,sm_52] -Xcompiler=-MDd   -Xcompiler=-v -MD -MT CMakeFiles\cmTC_cf2d5.dir\CMakeCUDACompilerABI.cu.obj -MF CMakeFiles\cmTC_cf2d5.dir\CMakeCUDACompilerABI.cu.obj.d -x cu -c "D:\somethin\newClion\CLion 2021.2.3\bin\cmake\win\share\cmake-3.20\Modules\CMakeCUDACompilerABI.cu" -o CMakeFiles\cmTC_cf2d5.dir\CMakeCUDACompilerABI.cu.obj -Xcompiler=-FdCMakeFiles\cmTC_cf2d5.dir\,-FS
cl: 命令行 warning D9002 :忽略未知选项“-v”
CMakeCUDACompilerABI.cu
cl: 命令行 warning D9002 :忽略未知选项“-v”
CMakeCUDACompilerABI.cu
CMakeCUDACompilerABI.cu
cl: 命令行 warning D9002 :忽略未知选项“-v”
Linking CUDA executable cmTC_cf2d5.exe
	"D:\somethin\newClion\CLion 2021.2.3\bin\cmake\win\bin\cmake.exe" -E vs_link_exe --intdir=CMakeFiles\cmTC_cf2d5.dir --rc=C:\PROGRA~2\WI3CF2~1\10\bin\100190~1.0\x64\rc.exe --mt=C:\PROGRA~2\WI3CF2~1\10\bin\100190~1.0\x64\mt.exe --manifests -- E:\vs2019\VC\Tools\MSVC\14.29.30133\bin\Hostx64\x64\link.exe /nologo "CMakeFiles\cmTC_cf2d5.dir\CMakeCUDACompilerABI.cu.obj"  @C:\Users\zsr\AppData\Local\Temp\nmCD0D.tmp



Parsed CUDA implicit include dir info from above output: rv=start
  warn: unable to parse implicit include dirs!


Parsed CUDA implicit link information from above output:
  link line regex: [^( *|.*[/\])(link\.exe|CMAKE_LINK_STARTFILE-NOTFOUND|([^/\]+-)?ld|collect2)[^/\]*( |$)]
  ignore line: [Change Dir: C:/Users/zsr/CLionProjects/cudanewts/cmake-build-debug-visual-studio/CMakeFiles/CMakeTmp]
  ignore line: []
  ignore line: [Run Build Command(s):nmake -f Makefile /nologo cmTC_cf2d5\fast && 	E:\vs2019\VC\Tools\MSVC\14.29.30133\bin\HostX64\x64\nmake.exe  -f CMakeFiles\cmTC_cf2d5.dir\build.make /nologo -L                  CMakeFiles\cmTC_cf2d5.dir\build]
  ignore line: [Building CUDA object CMakeFiles/cmTC_cf2d5.dir/CMakeCUDACompilerABI.cu.obj]
  ignore line: [	C:\PROGRA~1\NVIDIA~2\CUDA\v11.7\bin\nvcc.exe -forward-unknown-to-host-compiler   -D_WINDOWS -Xcompiler=" /EHsc"  -Xcompiler="-Zi -Ob0 -Od /RTC1" --generate-code=arch=compute_52 code=[compute_52 sm_52] -Xcompiler=-MDd   -Xcompiler=-v -MD -MT CMakeFiles\cmTC_cf2d5.dir\CMakeCUDACompilerABI.cu.obj -MF CMakeFiles\cmTC_cf2d5.dir\CMakeCUDACompilerABI.cu.obj.d -x cu -c "D:\somethin\newClion\CLion 2021.2.3\bin\cmake\win\share\cmake-3.20\Modules\CMakeCUDACompilerABI.cu" -o CMakeFiles\cmTC_cf2d5.dir\CMakeCUDACompilerABI.cu.obj -Xcompiler=-FdCMakeFiles\cmTC_cf2d5.dir\ -FS]
  ignore line: [cl: 命令行 warning D9002 :忽略未知选项“-v”]
  ignore line: [CMakeCUDACompilerABI.cu]
  ignore line: [cl: 命令行 warning D9002 :忽略未知选项“-v”]
  ignore line: [CMakeCUDACompilerABI.cu]
  ignore line: [CMakeCUDACompilerABI.cu]
  ignore line: [cl: 命令行 warning D9002 :忽略未知选项“-v”]
  ignore line: [Linking CUDA executable cmTC_cf2d5.exe]
  ignore line: [	"D:\somethin\newClion\CLion 2021.2.3\bin\cmake\win\bin\cmake.exe" -E vs_link_exe --intdir=CMakeFiles\cmTC_cf2d5.dir --rc=C:\PROGRA~2\WI3CF2~1\10\bin\100190~1.0\x64\rc.exe --mt=C:\PROGRA~2\WI3CF2~1\10\bin\100190~1.0\x64\mt.exe --manifests -- E:\vs2019\VC\Tools\MSVC\14.29.30133\bin\Hostx64\x64\link.exe /nologo "CMakeFiles\cmTC_cf2d5.dir\CMakeCUDACompilerABI.cu.obj"  @C:\Users\zsr\AppData\Local\Temp\nmCD0D.tmp]
  ignore line: []
  ignore line: []
  implicit libs: []
  implicit objs: []
  implicit dirs: []
  implicit fwks: []


